2025-08-09 10:42:42,046 INFO: Application started.
2025-08-09 10:42:53,828 INFO: Starting scrape. Output CSV: books_full_output.csv
2025-08-09 10:42:53,833 INFO: Status: Starting scrape...
2025-08-09 10:42:59,573 INFO: Discovered total pages: 50
2025-08-09 10:42:59,575 INFO: Status: Found 50 pages. Starting scraping.
2025-08-09 10:42:59,579 INFO: Parsing page 1
2025-08-09 10:42:59,580 INFO: Status: Parsing page 1...
2025-08-09 10:43:30,489 INFO: Parsing page 2
2025-08-09 10:43:30,490 INFO: Status: Parsing page 2...
2025-08-09 10:44:05,675 INFO: Parsing page 3
2025-08-09 10:44:05,676 INFO: Status: Parsing page 3...
2025-08-09 10:45:07,409 WARNING: Failed to fetch product page https://books.toscrape.com/catalogue/thirst_946/index.html: HTTPSConnectionPool(host='books.toscrape.com', port=443): Read timed out.
2025-08-09 10:45:27,913 INFO: Parsing page 4
2025-08-09 10:45:27,915 INFO: Status: Parsing page 4...
2025-08-09 10:47:04,691 INFO: Parsing page 5
2025-08-09 10:47:04,692 INFO: Status: Parsing page 5...
2025-08-09 10:48:33,718 INFO: Parsing page 6
2025-08-09 10:48:33,719 INFO: Status: Parsing page 6...
2025-08-09 10:49:15,258 INFO: Parsing page 7
2025-08-09 10:49:15,261 INFO: Status: Parsing page 7...
2025-08-09 10:50:10,137 INFO: GUI mainloop ended. Application exiting.
2025-08-09 11:13:13,567 INFO: Application started.
2025-08-09 11:13:16,674 INFO: Starting scrape. Output CSV: books_full_output.csv
2025-08-09 11:13:16,679 INFO: Status: Starting scrape...
2025-08-09 11:13:22,913 INFO: Discovered total pages: 50
2025-08-09 11:13:22,915 INFO: Status: Found 50 pages. Starting scraping.
2025-08-09 11:13:22,920 INFO: Parsing page 1
2025-08-09 11:13:22,921 INFO: Status: Parsing page 1...
2025-08-09 11:13:43,475 INFO: Parsing page 2
2025-08-09 11:13:43,486 INFO: Status: Parsing page 2...
2025-08-09 11:13:43,805 WARNING: Failed to fetch product page https://books.toscrape.com/catalogue/catalogue/a-light-in-the-attic_1000/index.html: 404 Client Error: Not Found for url: https://books.toscrape.com/catalogue/catalogue/a-light-in-the-attic_1000/index.html
2025-08-09 11:13:45,383 WARNING: Failed to fetch product page https://books.toscrape.com/catalogue/catalogue/tipping-the-velvet_999/index.html: 404 Client Error: Not Found for url: https://books.toscrape.com/catalogue/catalogue/tipping-the-velvet_999/index.html
2025-08-09 11:13:46,070 WARNING: Failed to fetch product page https://books.toscrape.com/catalogue/catalogue/soumission_998/index.html: 404 Client Error: Not Found for url: https://books.toscrape.com/catalogue/catalogue/soumission_998/index.html
2025-08-09 11:13:46,758 WARNING: Failed to fetch product page https://books.toscrape.com/catalogue/catalogue/sharp-objects_997/index.html: 404 Client Error: Not Found for url: https://books.toscrape.com/catalogue/catalogue/sharp-objects_997/index.html
2025-08-09 11:13:47,448 WARNING: Failed to fetch product page https://books.toscrape.com/catalogue/catalogue/sapiens-a-brief-history-of-humankind_996/index.html: 404 Client Error: Not Found for url: https://books.toscrape.com/catalogue/catalogue/sapiens-a-brief-history-of-humankind_996/index.html
2025-08-09 11:13:48,179 WARNING: Failed to fetch product page https://books.toscrape.com/catalogue/catalogue/the-requiem-red_995/index.html: 404 Client Error: Not Found for url: https://books.toscrape.com/catalogue/catalogue/the-requiem-red_995/index.html
2025-08-09 11:13:48,892 WARNING: Failed to fetch product page https://books.toscrape.com/catalogue/catalogue/the-dirty-little-secrets-of-getting-your-dream-job_994/index.html: 404 Client Error: Not Found for url: https://books.toscrape.com/catalogue/catalogue/the-dirty-little-secrets-of-getting-your-dream-job_994/index.html
2025-08-09 11:13:49,581 WARNING: Failed to fetch product page https://books.toscrape.com/catalogue/catalogue/the-coming-woman-a-novel-based-on-the-life-of-the-infamous-feminist-victoria-woodhull_993/index.html: 404 Client Error: Not Found for url: https://books.toscrape.com/catalogue/catalogue/the-coming-woman-a-novel-based-on-the-life-of-the-infamous-feminist-victoria-woodhull_993/index.html
2025-08-09 11:13:50,963 WARNING: Failed to fetch product page https://books.toscrape.com/catalogue/catalogue/the-boys-in-the-boat-nine-americans-and-their-epic-quest-for-gold-at-the-1936-berlin-olympics_992/index.html: 404 Client Error: Not Found for url: https://books.toscrape.com/catalogue/catalogue/the-boys-in-the-boat-nine-americans-and-their-epic-quest-for-gold-at-the-1936-berlin-olympics_992/index.html
2025-08-09 11:13:51,780 WARNING: Failed to fetch product page https://books.toscrape.com/catalogue/catalogue/the-black-maria_991/index.html: 404 Client Error: Not Found for url: https://books.toscrape.com/catalogue/catalogue/the-black-maria_991/index.html
2025-08-09 11:13:52,700 WARNING: Failed to fetch product page https://books.toscrape.com/catalogue/catalogue/starving-hearts-triangular-trade-trilogy-1_990/index.html: 404 Client Error: Not Found for url: https://books.toscrape.com/catalogue/catalogue/starving-hearts-triangular-trade-trilogy-1_990/index.html
2025-08-09 11:13:53,494 WARNING: Failed to fetch product page https://books.toscrape.com/catalogue/catalogue/shakespeares-sonnets_989/index.html: 404 Client Error: Not Found for url: https://books.toscrape.com/catalogue/catalogue/shakespeares-sonnets_989/index.html
2025-08-09 11:13:54,346 WARNING: Failed to fetch product page https://books.toscrape.com/catalogue/catalogue/set-me-free_988/index.html: 404 Client Error: Not Found for url: https://books.toscrape.com/catalogue/catalogue/set-me-free_988/index.html
2025-08-09 11:13:55,033 WARNING: Failed to fetch product page https://books.toscrape.com/catalogue/catalogue/scott-pilgrims-precious-little-life-scott-pilgrim-1_987/index.html: 404 Client Error: Not Found for url: https://books.toscrape.com/catalogue/catalogue/scott-pilgrims-precious-little-life-scott-pilgrim-1_987/index.html
2025-08-09 11:13:56,117 WARNING: Failed to fetch product page https://books.toscrape.com/catalogue/catalogue/rip-it-up-and-start-again_986/index.html: 404 Client Error: Not Found for url: https://books.toscrape.com/catalogue/catalogue/rip-it-up-and-start-again_986/index.html
2025-08-09 11:13:57,331 WARNING: Failed to fetch product page https://books.toscrape.com/catalogue/catalogue/our-band-could-be-your-life-scenes-from-the-american-indie-underground-1981-1991_985/index.html: 404 Client Error: Not Found for url: https://books.toscrape.com/catalogue/catalogue/our-band-could-be-your-life-scenes-from-the-american-indie-underground-1981-1991_985/index.html
2025-08-09 11:13:58,063 WARNING: Failed to fetch product page https://books.toscrape.com/catalogue/catalogue/olio_984/index.html: 404 Client Error: Not Found for url: https://books.toscrape.com/catalogue/catalogue/olio_984/index.html
2025-08-09 11:13:58,888 WARNING: Failed to fetch product page https://books.toscrape.com/catalogue/catalogue/mesaerion-the-best-science-fiction-stories-1800-1849_983/index.html: 404 Client Error: Not Found for url: https://books.toscrape.com/catalogue/catalogue/mesaerion-the-best-science-fiction-stories-1800-1849_983/index.html
2025-08-09 11:14:00,226 WARNING: Failed to fetch product page https://books.toscrape.com/catalogue/catalogue/libertarianism-for-beginners_982/index.html: 404 Client Error: Not Found for url: https://books.toscrape.com/catalogue/catalogue/libertarianism-for-beginners_982/index.html
2025-08-09 11:14:02,142 WARNING: Failed to fetch product page https://books.toscrape.com/catalogue/catalogue/its-only-the-himalayas_981/index.html: 404 Client Error: Not Found for url: https://books.toscrape.com/catalogue/catalogue/its-only-the-himalayas_981/index.html
2025-08-09 11:14:02,949 INFO: Parsing page 3
2025-08-09 11:14:02,949 INFO: Status: Parsing page 3...
2025-08-09 11:14:05,135 WARNING: Failed to fetch product page https://books.toscrape.com/catalogue/catalogue/catalogue/a-light-in-the-attic_1000/index.html: 404 Client Error: Not Found for url: https://books.toscrape.com/catalogue/catalogue/catalogue/a-light-in-the-attic_1000/index.html
2025-08-09 11:14:06,748 WARNING: Failed to fetch product page https://books.toscrape.com/catalogue/catalogue/catalogue/tipping-the-velvet_999/index.html: 404 Client Error: Not Found for url: https://books.toscrape.com/catalogue/catalogue/catalogue/tipping-the-velvet_999/index.html
2025-08-09 11:14:08,149 WARNING: Failed to fetch product page https://books.toscrape.com/catalogue/catalogue/catalogue/soumission_998/index.html: 404 Client Error: Not Found for url: https://books.toscrape.com/catalogue/catalogue/catalogue/soumission_998/index.html
2025-08-09 11:14:10,436 WARNING: Failed to fetch product page https://books.toscrape.com/catalogue/catalogue/catalogue/sharp-objects_997/index.html: 404 Client Error: Not Found for url: https://books.toscrape.com/catalogue/catalogue/catalogue/sharp-objects_997/index.html
2025-08-09 11:14:12,878 WARNING: Failed to fetch product page https://books.toscrape.com/catalogue/catalogue/catalogue/sapiens-a-brief-history-of-humankind_996/index.html: 404 Client Error: Not Found for url: https://books.toscrape.com/catalogue/catalogue/catalogue/sapiens-a-brief-history-of-humankind_996/index.html
2025-08-09 11:14:14,042 WARNING: Failed to fetch product page https://books.toscrape.com/catalogue/catalogue/catalogue/the-requiem-red_995/index.html: 404 Client Error: Not Found for url: https://books.toscrape.com/catalogue/catalogue/catalogue/the-requiem-red_995/index.html
2025-08-09 11:14:16,193 WARNING: Failed to fetch product page https://books.toscrape.com/catalogue/catalogue/catalogue/the-dirty-little-secrets-of-getting-your-dream-job_994/index.html: 404 Client Error: Not Found for url: https://books.toscrape.com/catalogue/catalogue/catalogue/the-dirty-little-secrets-of-getting-your-dream-job_994/index.html
2025-08-09 11:14:17,115 WARNING: Failed to fetch product page https://books.toscrape.com/catalogue/catalogue/catalogue/the-coming-woman-a-novel-based-on-the-life-of-the-infamous-feminist-victoria-woodhull_993/index.html: 404 Client Error: Not Found for url: https://books.toscrape.com/catalogue/catalogue/catalogue/the-coming-woman-a-novel-based-on-the-life-of-the-infamous-feminist-victoria-woodhull_993/index.html
2025-08-09 11:14:18,156 WARNING: Failed to fetch product page https://books.toscrape.com/catalogue/catalogue/catalogue/the-boys-in-the-boat-nine-americans-and-their-epic-quest-for-gold-at-the-1936-berlin-olympics_992/index.html: 404 Client Error: Not Found for url: https://books.toscrape.com/catalogue/catalogue/catalogue/the-boys-in-the-boat-nine-americans-and-their-epic-quest-for-gold-at-the-1936-berlin-olympics_992/index.html
2025-08-09 11:14:18,934 WARNING: Failed to fetch product page https://books.toscrape.com/catalogue/catalogue/catalogue/the-black-maria_991/index.html: 404 Client Error: Not Found for url: https://books.toscrape.com/catalogue/catalogue/catalogue/the-black-maria_991/index.html
2025-08-09 11:14:19,773 WARNING: Failed to fetch product page https://books.toscrape.com/catalogue/catalogue/catalogue/starving-hearts-triangular-trade-trilogy-1_990/index.html: 404 Client Error: Not Found for url: https://books.toscrape.com/catalogue/catalogue/catalogue/starving-hearts-triangular-trade-trilogy-1_990/index.html
2025-08-09 11:14:20,948 WARNING: Failed to fetch product page https://books.toscrape.com/catalogue/catalogue/catalogue/shakespeares-sonnets_989/index.html: 404 Client Error: Not Found for url: https://books.toscrape.com/catalogue/catalogue/catalogue/shakespeares-sonnets_989/index.html
2025-08-09 11:14:24,258 WARNING: Failed to fetch product page https://books.toscrape.com/catalogue/catalogue/catalogue/set-me-free_988/index.html: 404 Client Error: Not Found for url: https://books.toscrape.com/catalogue/catalogue/catalogue/set-me-free_988/index.html
2025-08-09 11:14:25,584 WARNING: Failed to fetch product page https://books.toscrape.com/catalogue/catalogue/catalogue/scott-pilgrims-precious-little-life-scott-pilgrim-1_987/index.html: 404 Client Error: Not Found for url: https://books.toscrape.com/catalogue/catalogue/catalogue/scott-pilgrims-precious-little-life-scott-pilgrim-1_987/index.html
2025-08-09 11:14:26,474 WARNING: Failed to fetch product page https://books.toscrape.com/catalogue/catalogue/catalogue/rip-it-up-and-start-again_986/index.html: 404 Client Error: Not Found for url: https://books.toscrape.com/catalogue/catalogue/catalogue/rip-it-up-and-start-again_986/index.html
2025-08-09 11:14:27,188 WARNING: Failed to fetch product page https://books.toscrape.com/catalogue/catalogue/catalogue/our-band-could-be-your-life-scenes-from-the-american-indie-underground-1981-1991_985/index.html: 404 Client Error: Not Found for url: https://books.toscrape.com/catalogue/catalogue/catalogue/our-band-could-be-your-life-scenes-from-the-american-indie-underground-1981-1991_985/index.html
2025-08-09 11:14:27,873 WARNING: Failed to fetch product page https://books.toscrape.com/catalogue/catalogue/catalogue/olio_984/index.html: 404 Client Error: Not Found for url: https://books.toscrape.com/catalogue/catalogue/catalogue/olio_984/index.html
2025-08-09 11:14:28,275 INFO: Stop requested by user. Exiting loop.
2025-08-09 11:14:28,277 INFO: Status: Stopping as requested...
2025-08-09 11:14:28,280 INFO: Scraping completed. Products scraped: 57
2025-08-09 11:14:28,281 INFO: Status: Completed: 57 products saved to books_full_output.csv
2025-08-09 11:14:28,287 INFO: Status: Stopped by user. 57 products saved to books_full_output.csv
2025-08-09 11:14:31,822 INFO: GUI mainloop ended. Application exiting.
2025-08-09 11:17:14,762 INFO: Application started.
2025-08-09 11:17:16,604 INFO: Starting scrape. Output CSV: books_full_output.csv
2025-08-09 11:17:16,604 INFO: Status: Starting scrape...
2025-08-09 11:17:19,021 INFO: Discovered total pages: 50
2025-08-09 11:17:19,022 INFO: Status: Found 50 pages. Starting scraping.
2025-08-09 11:17:19,024 INFO: Parsing page 1
2025-08-09 11:17:19,025 INFO: Status: Parsing page 1...
2025-08-09 11:17:41,927 INFO: Parsing page 2
2025-08-09 11:17:41,928 INFO: Status: Parsing page 2...
2025-08-09 11:17:42,313 WARNING: Failed to fetch product page https://books.toscrape.com/catalogue/catalogue/a-light-in-the-attic_1000/index.html: 404 Client Error: Not Found for url: https://books.toscrape.com/catalogue/catalogue/a-light-in-the-attic_1000/index.html
2025-08-09 11:17:43,628 WARNING: Failed to fetch product page https://books.toscrape.com/catalogue/catalogue/tipping-the-velvet_999/index.html: 404 Client Error: Not Found for url: https://books.toscrape.com/catalogue/catalogue/tipping-the-velvet_999/index.html
2025-08-09 11:17:44,407 WARNING: Failed to fetch product page https://books.toscrape.com/catalogue/catalogue/soumission_998/index.html: 404 Client Error: Not Found for url: https://books.toscrape.com/catalogue/catalogue/soumission_998/index.html
2025-08-09 11:17:45,117 WARNING: Failed to fetch product page https://books.toscrape.com/catalogue/catalogue/sharp-objects_997/index.html: 404 Client Error: Not Found for url: https://books.toscrape.com/catalogue/catalogue/sharp-objects_997/index.html
2025-08-09 11:17:45,835 WARNING: Failed to fetch product page https://books.toscrape.com/catalogue/catalogue/sapiens-a-brief-history-of-humankind_996/index.html: 404 Client Error: Not Found for url: https://books.toscrape.com/catalogue/catalogue/sapiens-a-brief-history-of-humankind_996/index.html
2025-08-09 11:17:46,658 WARNING: Failed to fetch product page https://books.toscrape.com/catalogue/catalogue/the-requiem-red_995/index.html: 404 Client Error: Not Found for url: https://books.toscrape.com/catalogue/catalogue/the-requiem-red_995/index.html
2025-08-09 11:17:47,614 WARNING: Failed to fetch product page https://books.toscrape.com/catalogue/catalogue/the-dirty-little-secrets-of-getting-your-dream-job_994/index.html: 404 Client Error: Not Found for url: https://books.toscrape.com/catalogue/catalogue/the-dirty-little-secrets-of-getting-your-dream-job_994/index.html
2025-08-09 11:17:48,366 WARNING: Failed to fetch product page https://books.toscrape.com/catalogue/catalogue/the-coming-woman-a-novel-based-on-the-life-of-the-infamous-feminist-victoria-woodhull_993/index.html: 404 Client Error: Not Found for url: https://books.toscrape.com/catalogue/catalogue/the-coming-woman-a-novel-based-on-the-life-of-the-infamous-feminist-victoria-woodhull_993/index.html
2025-08-09 11:17:50,055 WARNING: Failed to fetch product page https://books.toscrape.com/catalogue/catalogue/the-boys-in-the-boat-nine-americans-and-their-epic-quest-for-gold-at-the-1936-berlin-olympics_992/index.html: 404 Client Error: Not Found for url: https://books.toscrape.com/catalogue/catalogue/the-boys-in-the-boat-nine-americans-and-their-epic-quest-for-gold-at-the-1936-berlin-olympics_992/index.html
2025-08-09 11:17:50,771 WARNING: Failed to fetch product page https://books.toscrape.com/catalogue/catalogue/the-black-maria_991/index.html: 404 Client Error: Not Found for url: https://books.toscrape.com/catalogue/catalogue/the-black-maria_991/index.html
2025-08-09 11:17:51,729 WARNING: Failed to fetch product page https://books.toscrape.com/catalogue/catalogue/starving-hearts-triangular-trade-trilogy-1_990/index.html: 404 Client Error: Not Found for url: https://books.toscrape.com/catalogue/catalogue/starving-hearts-triangular-trade-trilogy-1_990/index.html
2025-08-09 11:17:52,778 WARNING: Failed to fetch product page https://books.toscrape.com/catalogue/catalogue/shakespeares-sonnets_989/index.html: 404 Client Error: Not Found for url: https://books.toscrape.com/catalogue/catalogue/shakespeares-sonnets_989/index.html
2025-08-09 11:17:53,485 WARNING: Failed to fetch product page https://books.toscrape.com/catalogue/catalogue/set-me-free_988/index.html: 404 Client Error: Not Found for url: https://books.toscrape.com/catalogue/catalogue/set-me-free_988/index.html
2025-08-09 11:17:54,448 WARNING: Failed to fetch product page https://books.toscrape.com/catalogue/catalogue/scott-pilgrims-precious-little-life-scott-pilgrim-1_987/index.html: 404 Client Error: Not Found for url: https://books.toscrape.com/catalogue/catalogue/scott-pilgrims-precious-little-life-scott-pilgrim-1_987/index.html
2025-08-09 11:17:55,447 WARNING: Failed to fetch product page https://books.toscrape.com/catalogue/catalogue/rip-it-up-and-start-again_986/index.html: 404 Client Error: Not Found for url: https://books.toscrape.com/catalogue/catalogue/rip-it-up-and-start-again_986/index.html
2025-08-09 11:17:56,529 WARNING: Failed to fetch product page https://books.toscrape.com/catalogue/catalogue/our-band-could-be-your-life-scenes-from-the-american-indie-underground-1981-1991_985/index.html: 404 Client Error: Not Found for url: https://books.toscrape.com/catalogue/catalogue/our-band-could-be-your-life-scenes-from-the-american-indie-underground-1981-1991_985/index.html
2025-08-09 11:17:57,266 WARNING: Failed to fetch product page https://books.toscrape.com/catalogue/catalogue/olio_984/index.html: 404 Client Error: Not Found for url: https://books.toscrape.com/catalogue/catalogue/olio_984/index.html
2025-08-09 11:17:58,030 WARNING: Failed to fetch product page https://books.toscrape.com/catalogue/catalogue/mesaerion-the-best-science-fiction-stories-1800-1849_983/index.html: 404 Client Error: Not Found for url: https://books.toscrape.com/catalogue/catalogue/mesaerion-the-best-science-fiction-stories-1800-1849_983/index.html
2025-08-09 11:17:58,799 WARNING: Failed to fetch product page https://books.toscrape.com/catalogue/catalogue/libertarianism-for-beginners_982/index.html: 404 Client Error: Not Found for url: https://books.toscrape.com/catalogue/catalogue/libertarianism-for-beginners_982/index.html
2025-08-09 11:17:59,706 WARNING: Failed to fetch product page https://books.toscrape.com/catalogue/catalogue/its-only-the-himalayas_981/index.html: 404 Client Error: Not Found for url: https://books.toscrape.com/catalogue/catalogue/its-only-the-himalayas_981/index.html
2025-08-09 11:18:00,525 INFO: Parsing page 3
2025-08-09 11:18:00,525 INFO: Status: Parsing page 3...
2025-08-09 11:18:01,123 WARNING: Failed to fetch product page https://books.toscrape.com/catalogue/catalogue/catalogue/a-light-in-the-attic_1000/index.html: 404 Client Error: Not Found for url: https://books.toscrape.com/catalogue/catalogue/catalogue/a-light-in-the-attic_1000/index.html
2025-08-09 11:18:01,991 WARNING: Failed to fetch product page https://books.toscrape.com/catalogue/catalogue/catalogue/tipping-the-velvet_999/index.html: 404 Client Error: Not Found for url: https://books.toscrape.com/catalogue/catalogue/catalogue/tipping-the-velvet_999/index.html
2025-08-09 11:18:03,117 WARNING: Failed to fetch product page https://books.toscrape.com/catalogue/catalogue/catalogue/soumission_998/index.html: 404 Client Error: Not Found for url: https://books.toscrape.com/catalogue/catalogue/catalogue/soumission_998/index.html
2025-08-09 11:18:04,352 WARNING: Failed to fetch product page https://books.toscrape.com/catalogue/catalogue/catalogue/sharp-objects_997/index.html: 404 Client Error: Not Found for url: https://books.toscrape.com/catalogue/catalogue/catalogue/sharp-objects_997/index.html
2025-08-09 11:18:05,151 WARNING: Failed to fetch product page https://books.toscrape.com/catalogue/catalogue/catalogue/sapiens-a-brief-history-of-humankind_996/index.html: 404 Client Error: Not Found for url: https://books.toscrape.com/catalogue/catalogue/catalogue/sapiens-a-brief-history-of-humankind_996/index.html
2025-08-09 11:18:05,862 WARNING: Failed to fetch product page https://books.toscrape.com/catalogue/catalogue/catalogue/the-requiem-red_995/index.html: 404 Client Error: Not Found for url: https://books.toscrape.com/catalogue/catalogue/catalogue/the-requiem-red_995/index.html
2025-08-09 11:18:07,692 WARNING: Failed to fetch product page https://books.toscrape.com/catalogue/catalogue/catalogue/the-dirty-little-secrets-of-getting-your-dream-job_994/index.html: 404 Client Error: Not Found for url: https://books.toscrape.com/catalogue/catalogue/catalogue/the-dirty-little-secrets-of-getting-your-dream-job_994/index.html
2025-08-09 11:18:08,398 WARNING: Failed to fetch product page https://books.toscrape.com/catalogue/catalogue/catalogue/the-coming-woman-a-novel-based-on-the-life-of-the-infamous-feminist-victoria-woodhull_993/index.html: 404 Client Error: Not Found for url: https://books.toscrape.com/catalogue/catalogue/catalogue/the-coming-woman-a-novel-based-on-the-life-of-the-infamous-feminist-victoria-woodhull_993/index.html
2025-08-09 11:18:09,133 WARNING: Failed to fetch product page https://books.toscrape.com/catalogue/catalogue/catalogue/the-boys-in-the-boat-nine-americans-and-their-epic-quest-for-gold-at-the-1936-berlin-olympics_992/index.html: 404 Client Error: Not Found for url: https://books.toscrape.com/catalogue/catalogue/catalogue/the-boys-in-the-boat-nine-americans-and-their-epic-quest-for-gold-at-the-1936-berlin-olympics_992/index.html
2025-08-09 11:18:09,900 WARNING: Failed to fetch product page https://books.toscrape.com/catalogue/catalogue/catalogue/the-black-maria_991/index.html: 404 Client Error: Not Found for url: https://books.toscrape.com/catalogue/catalogue/catalogue/the-black-maria_991/index.html
2025-08-09 11:18:11,725 WARNING: Failed to fetch product page https://books.toscrape.com/catalogue/catalogue/catalogue/starving-hearts-triangular-trade-trilogy-1_990/index.html: 404 Client Error: Not Found for url: https://books.toscrape.com/catalogue/catalogue/catalogue/starving-hearts-triangular-trade-trilogy-1_990/index.html
2025-08-09 11:18:12,430 WARNING: Failed to fetch product page https://books.toscrape.com/catalogue/catalogue/catalogue/shakespeares-sonnets_989/index.html: 404 Client Error: Not Found for url: https://books.toscrape.com/catalogue/catalogue/catalogue/shakespeares-sonnets_989/index.html
2025-08-09 11:18:14,612 WARNING: Failed to fetch product page https://books.toscrape.com/catalogue/catalogue/catalogue/set-me-free_988/index.html: 404 Client Error: Not Found for url: https://books.toscrape.com/catalogue/catalogue/catalogue/set-me-free_988/index.html
2025-08-09 11:18:15,317 WARNING: Failed to fetch product page https://books.toscrape.com/catalogue/catalogue/catalogue/scott-pilgrims-precious-little-life-scott-pilgrim-1_987/index.html: 404 Client Error: Not Found for url: https://books.toscrape.com/catalogue/catalogue/catalogue/scott-pilgrims-precious-little-life-scott-pilgrim-1_987/index.html
2025-08-09 11:18:16,343 WARNING: Failed to fetch product page https://books.toscrape.com/catalogue/catalogue/catalogue/rip-it-up-and-start-again_986/index.html: 404 Client Error: Not Found for url: https://books.toscrape.com/catalogue/catalogue/catalogue/rip-it-up-and-start-again_986/index.html
2025-08-09 11:18:17,071 WARNING: Failed to fetch product page https://books.toscrape.com/catalogue/catalogue/catalogue/our-band-could-be-your-life-scenes-from-the-american-indie-underground-1981-1991_985/index.html: 404 Client Error: Not Found for url: https://books.toscrape.com/catalogue/catalogue/catalogue/our-band-could-be-your-life-scenes-from-the-american-indie-underground-1981-1991_985/index.html
2025-08-09 11:18:18,656 WARNING: Failed to fetch product page https://books.toscrape.com/catalogue/catalogue/catalogue/olio_984/index.html: 404 Client Error: Not Found for url: https://books.toscrape.com/catalogue/catalogue/catalogue/olio_984/index.html
2025-08-09 11:18:19,360 WARNING: Failed to fetch product page https://books.toscrape.com/catalogue/catalogue/catalogue/mesaerion-the-best-science-fiction-stories-1800-1849_983/index.html: 404 Client Error: Not Found for url: https://books.toscrape.com/catalogue/catalogue/catalogue/mesaerion-the-best-science-fiction-stories-1800-1849_983/index.html
2025-08-09 11:18:20,151 WARNING: Failed to fetch product page https://books.toscrape.com/catalogue/catalogue/catalogue/libertarianism-for-beginners_982/index.html: 404 Client Error: Not Found for url: https://books.toscrape.com/catalogue/catalogue/catalogue/libertarianism-for-beginners_982/index.html
2025-08-09 11:18:21,003 WARNING: Failed to fetch product page https://books.toscrape.com/catalogue/catalogue/catalogue/its-only-the-himalayas_981/index.html: 404 Client Error: Not Found for url: https://books.toscrape.com/catalogue/catalogue/catalogue/its-only-the-himalayas_981/index.html
2025-08-09 11:18:21,807 INFO: Parsing page 4
2025-08-09 11:18:21,808 INFO: Status: Parsing page 4...
2025-08-09 11:18:22,134 WARNING: Failed to fetch product page https://books.toscrape.com/catalogue/catalogue/catalogue/catalogue/a-light-in-the-attic_1000/index.html: 404 Client Error: Not Found for url: https://books.toscrape.com/catalogue/catalogue/catalogue/catalogue/a-light-in-the-attic_1000/index.html
2025-08-09 11:18:22,846 WARNING: Failed to fetch product page https://books.toscrape.com/catalogue/catalogue/catalogue/catalogue/tipping-the-velvet_999/index.html: 404 Client Error: Not Found for url: https://books.toscrape.com/catalogue/catalogue/catalogue/catalogue/tipping-the-velvet_999/index.html
2025-08-09 11:18:23,553 WARNING: Failed to fetch product page https://books.toscrape.com/catalogue/catalogue/catalogue/catalogue/soumission_998/index.html: 404 Client Error: Not Found for url: https://books.toscrape.com/catalogue/catalogue/catalogue/catalogue/soumission_998/index.html
2025-08-09 11:18:24,527 WARNING: Failed to fetch product page https://books.toscrape.com/catalogue/catalogue/catalogue/catalogue/sharp-objects_997/index.html: 404 Client Error: Not Found for url: https://books.toscrape.com/catalogue/catalogue/catalogue/catalogue/sharp-objects_997/index.html
2025-08-09 11:18:25,236 WARNING: Failed to fetch product page https://books.toscrape.com/catalogue/catalogue/catalogue/catalogue/sapiens-a-brief-history-of-humankind_996/index.html: 404 Client Error: Not Found for url: https://books.toscrape.com/catalogue/catalogue/catalogue/catalogue/sapiens-a-brief-history-of-humankind_996/index.html
2025-08-09 11:18:25,955 WARNING: Failed to fetch product page https://books.toscrape.com/catalogue/catalogue/catalogue/catalogue/the-requiem-red_995/index.html: 404 Client Error: Not Found for url: https://books.toscrape.com/catalogue/catalogue/catalogue/catalogue/the-requiem-red_995/index.html
2025-08-09 11:18:27,016 WARNING: Failed to fetch product page https://books.toscrape.com/catalogue/catalogue/catalogue/catalogue/the-dirty-little-secrets-of-getting-your-dream-job_994/index.html: 404 Client Error: Not Found for url: https://books.toscrape.com/catalogue/catalogue/catalogue/catalogue/the-dirty-little-secrets-of-getting-your-dream-job_994/index.html
2025-08-09 11:18:27,982 WARNING: Failed to fetch product page https://books.toscrape.com/catalogue/catalogue/catalogue/catalogue/the-coming-woman-a-novel-based-on-the-life-of-the-infamous-feminist-victoria-woodhull_993/index.html: 404 Client Error: Not Found for url: https://books.toscrape.com/catalogue/catalogue/catalogue/catalogue/the-coming-woman-a-novel-based-on-the-life-of-the-infamous-feminist-victoria-woodhull_993/index.html
2025-08-09 11:18:28,767 WARNING: Failed to fetch product page https://books.toscrape.com/catalogue/catalogue/catalogue/catalogue/the-boys-in-the-boat-nine-americans-and-their-epic-quest-for-gold-at-the-1936-berlin-olympics_992/index.html: 404 Client Error: Not Found for url: https://books.toscrape.com/catalogue/catalogue/catalogue/catalogue/the-boys-in-the-boat-nine-americans-and-their-epic-quest-for-gold-at-the-1936-berlin-olympics_992/index.html
2025-08-09 11:18:29,716 WARNING: Failed to fetch product page https://books.toscrape.com/catalogue/catalogue/catalogue/catalogue/the-black-maria_991/index.html: 404 Client Error: Not Found for url: https://books.toscrape.com/catalogue/catalogue/catalogue/catalogue/the-black-maria_991/index.html
2025-08-09 11:18:30,526 WARNING: Failed to fetch product page https://books.toscrape.com/catalogue/catalogue/catalogue/catalogue/starving-hearts-triangular-trade-trilogy-1_990/index.html: 404 Client Error: Not Found for url: https://books.toscrape.com/catalogue/catalogue/catalogue/catalogue/starving-hearts-triangular-trade-trilogy-1_990/index.html
2025-08-09 11:18:31,283 WARNING: Failed to fetch product page https://books.toscrape.com/catalogue/catalogue/catalogue/catalogue/shakespeares-sonnets_989/index.html: 404 Client Error: Not Found for url: https://books.toscrape.com/catalogue/catalogue/catalogue/catalogue/shakespeares-sonnets_989/index.html
2025-08-09 11:18:31,984 WARNING: Failed to fetch product page https://books.toscrape.com/catalogue/catalogue/catalogue/catalogue/set-me-free_988/index.html: 404 Client Error: Not Found for url: https://books.toscrape.com/catalogue/catalogue/catalogue/catalogue/set-me-free_988/index.html
2025-08-09 11:18:32,752 WARNING: Failed to fetch product page https://books.toscrape.com/catalogue/catalogue/catalogue/catalogue/scott-pilgrims-precious-little-life-scott-pilgrim-1_987/index.html: 404 Client Error: Not Found for url: https://books.toscrape.com/catalogue/catalogue/catalogue/catalogue/scott-pilgrims-precious-little-life-scott-pilgrim-1_987/index.html
2025-08-09 11:18:33,604 WARNING: Failed to fetch product page https://books.toscrape.com/catalogue/catalogue/catalogue/catalogue/rip-it-up-and-start-again_986/index.html: 404 Client Error: Not Found for url: https://books.toscrape.com/catalogue/catalogue/catalogue/catalogue/rip-it-up-and-start-again_986/index.html
2025-08-09 11:18:34,311 WARNING: Failed to fetch product page https://books.toscrape.com/catalogue/catalogue/catalogue/catalogue/our-band-could-be-your-life-scenes-from-the-american-indie-underground-1981-1991_985/index.html: 404 Client Error: Not Found for url: https://books.toscrape.com/catalogue/catalogue/catalogue/catalogue/our-band-could-be-your-life-scenes-from-the-american-indie-underground-1981-1991_985/index.html
2025-08-09 11:18:35,047 WARNING: Failed to fetch product page https://books.toscrape.com/catalogue/catalogue/catalogue/catalogue/olio_984/index.html: 404 Client Error: Not Found for url: https://books.toscrape.com/catalogue/catalogue/catalogue/catalogue/olio_984/index.html
2025-08-09 11:18:35,750 WARNING: Failed to fetch product page https://books.toscrape.com/catalogue/catalogue/catalogue/catalogue/mesaerion-the-best-science-fiction-stories-1800-1849_983/index.html: 404 Client Error: Not Found for url: https://books.toscrape.com/catalogue/catalogue/catalogue/catalogue/mesaerion-the-best-science-fiction-stories-1800-1849_983/index.html
2025-08-09 11:18:36,454 WARNING: Failed to fetch product page https://books.toscrape.com/catalogue/catalogue/catalogue/catalogue/libertarianism-for-beginners_982/index.html: 404 Client Error: Not Found for url: https://books.toscrape.com/catalogue/catalogue/catalogue/catalogue/libertarianism-for-beginners_982/index.html
2025-08-09 11:18:38,242 WARNING: Failed to fetch product page https://books.toscrape.com/catalogue/catalogue/catalogue/catalogue/its-only-the-himalayas_981/index.html: 404 Client Error: Not Found for url: https://books.toscrape.com/catalogue/catalogue/catalogue/catalogue/its-only-the-himalayas_981/index.html
2025-08-09 11:18:39,046 INFO: Scraping completed. Products scraped: 80
2025-08-09 11:18:39,046 INFO: Status: Completed: 80 products saved to books_full_output.csv
2025-08-09 11:18:39,052 INFO: Status: Completed: 80 products saved to books_full_output.csv
2025-08-09 15:35:28,130 INFO: GUI mainloop ended. Application exiting.
2025-08-09 15:35:58,098 INFO: Application started.
2025-08-09 15:36:00,180 INFO: Starting scrape. Output CSV: books_full_output.csv
2025-08-09 15:36:00,181 INFO: Status: Starting scrape...
2025-08-09 15:36:07,451 INFO: Discovered total pages: 50
2025-08-09 15:36:07,452 INFO: Status: Found 50 pages. Starting scraping.
2025-08-09 15:36:07,455 INFO: Parsing page 1
2025-08-09 15:36:07,456 INFO: Status: Parsing page 1...
2025-08-09 15:36:36,935 INFO: Stop requested by user. Exiting loop.
2025-08-09 15:36:36,936 INFO: Status: Stopping as requested...
2025-08-09 15:36:36,940 INFO: Scraping completed. Products scraped: 15
2025-08-09 15:36:36,941 INFO: Status: Completed: 15 products saved to books_full_output.csv
2025-08-09 15:36:36,945 INFO: Status: Stopped by user. 15 products saved to books_full_output.csv
2025-08-09 15:36:45,868 INFO: GUI mainloop ended. Application exiting.
